[INFO ] 2024-08-05 00:11:49.609 [main] UserTest2 - ********** User is creating ************
[INFO ] 2024-08-05 00:11:53.446 [main] UserTest2 - ********** User is created ************
[INFO ] 2024-08-05 00:11:53.462 [main] UserTest2 - ********** Getting user details ************
[INFO ] 2024-08-05 00:11:53.468 [main] UserTest2 - ********** Updating user details ************
[INFO ] 2024-08-05 00:11:54.981 [main] UserTest2 - ********** Deleting user details ************
[INFO ] 2024-08-05 00:11:56.451 [main] UserTest2 - ********** Deleted user details ************
[INFO ] 2024-08-05 00:12:51.079 [main] UserTest2 - ********** User is creating ************
[INFO ] 2024-08-05 00:12:55.607 [main] UserTest2 - ********** User is created ************
[INFO ] 2024-08-05 00:12:55.626 [main] UserTest2 - ********** Getting user details ************
[INFO ] 2024-08-05 00:12:57.189 [main] UserTest2 - ********** User details displayed ************
[INFO ] 2024-08-05 00:12:57.205 [main] UserTest2 - ********** Updating user details ************
[INFO ] 2024-08-05 00:13:00.354 [main] UserTest2 - ********** Updated user details ************
[INFO ] 2024-08-05 00:13:00.365 [main] UserTest2 - ********** Deleting user details ************
[INFO ] 2024-08-05 00:13:01.889 [main] UserTest2 - ********** Deleted user details ************
[INFO ] 2024-08-05 00:17:40.266 [main] UserTest2 - ********** User is creating ************
[INFO ] 2024-08-05 00:17:43.963 [main] UserTest2 - ********** User is created ************
[INFO ] 2024-08-05 00:17:43.976 [main] UserTest2 - ********** Getting user details ************
[INFO ] 2024-08-05 00:17:45.482 [main] UserTest2 - ********** User details displayed ************
[INFO ] 2024-08-05 00:17:45.501 [main] UserTest2 - ********** Updating user details ************
[INFO ] 2024-08-05 00:17:48.508 [main] UserTest2 - ********** Updated user details ************
[INFO ] 2024-08-05 00:17:48.519 [main] UserTest2 - ********** Deleting user details ************
[INFO ] 2024-08-05 00:17:50.042 [main] UserTest2 - ********** Deleted user details ************
[INFO ] 2024-08-05 00:18:24.814 [main] UserTest - ********** User is creating ************
[INFO ] 2024-08-05 00:18:28.666 [main] UserTest - ********** User is created ************
[INFO ] 2024-08-05 00:18:28.678 [main] UserTest - ********** Getting user details ************
[INFO ] 2024-08-05 00:18:30.272 [main] UserTest - ********** User details displayed ************
[INFO ] 2024-08-05 00:18:30.282 [main] UserTest - ********** Updating user details ************
[INFO ] 2024-08-05 00:18:33.265 [main] UserTest - ********** Updated user details ************
[INFO ] 2024-08-05 00:18:33.279 [main] UserTest - ********** Deleting user details ************
[INFO ] 2024-08-05 00:18:34.700 [main] UserTest - ********** Deleted user details ************
[INFO ] 2024-08-05 00:18:34.852 [main] UserTest2 - ********** User is creating ************
[INFO ] 2024-08-05 00:18:36.433 [main] UserTest2 - ********** User is created ************
[INFO ] 2024-08-05 00:18:36.442 [main] UserTest2 - ********** Getting user details ************
[INFO ] 2024-08-05 00:18:38.071 [main] UserTest2 - ********** User details displayed ************
[INFO ] 2024-08-05 00:18:38.082 [main] UserTest2 - ********** Updating user details ************
[INFO ] 2024-08-05 00:18:41.040 [main] UserTest2 - ********** Updated user details ************
[INFO ] 2024-08-05 00:18:41.049 [main] UserTest2 - ********** Deleting user details ************
[INFO ] 2024-08-05 00:18:42.576 [main] UserTest2 - ********** Deleted user details ************
[INFO ] 2024-08-05 00:33:18.858 [main] UserTest2 - ********** User is creating ************
[INFO ] 2024-08-05 00:33:22.046 [main] UserTest2 - ********** User is created ************
[INFO ] 2024-08-05 00:33:22.049 [main] UserTest2 - ********** Getting user details ************
[INFO ] 2024-08-05 00:33:23.212 [main] UserTest2 - ********** User details displayed ************
[INFO ] 2024-08-05 00:33:23.217 [main] UserTest2 - ********** Updating user details ************
[INFO ] 2024-08-05 00:33:25.550 [main] UserTest2 - ********** Updated user details ************
[INFO ] 2024-08-05 00:33:25.555 [main] UserTest2 - ********** Deleting user details ************
[INFO ] 2024-08-05 00:33:26.700 [main] UserTest2 - ********** Deleted user details ************
[INFO ] 2024-08-05 00:34:13.027 [main] UserTest - ********** User is creating ************
[INFO ] 2024-08-05 00:34:16.049 [main] UserTest - ********** User is created ************
[INFO ] 2024-08-05 00:34:16.055 [main] UserTest - ********** Getting user details ************
[INFO ] 2024-08-05 00:34:17.286 [main] UserTest - ********** User details displayed ************
[INFO ] 2024-08-05 00:34:17.288 [main] UserTest - ********** Updating user details ************
[INFO ] 2024-08-05 00:34:19.626 [main] UserTest - ********** Updated user details ************
[INFO ] 2024-08-05 00:34:19.630 [main] UserTest - ********** Deleting user details ************
[INFO ] 2024-08-05 00:34:20.764 [main] UserTest - ********** Deleted user details ************
[INFO ] 2024-08-05 00:34:20.881 [main] UserTest2 - ********** User is creating ************
[INFO ] 2024-08-05 00:34:22.101 [main] UserTest2 - ********** User is created ************
[INFO ] 2024-08-05 00:34:22.105 [main] UserTest2 - ********** Getting user details ************
[INFO ] 2024-08-05 00:34:23.262 [main] UserTest2 - ********** User details displayed ************
[INFO ] 2024-08-05 00:34:23.267 [main] UserTest2 - ********** Updating user details ************
[INFO ] 2024-08-05 00:34:25.528 [main] UserTest2 - ********** Updated user details ************
[INFO ] 2024-08-05 00:34:25.531 [main] UserTest2 - ********** Deleting user details ************
[INFO ] 2024-08-05 00:34:26.674 [main] UserTest2 - ********** Deleted user details ************
[INFO ] 2024-08-05 00:43:10.665 [main] UserTest - ********** User is creating ************
[INFO ] 2024-08-05 00:43:13.757 [main] UserTest - ********** User is created ************
[INFO ] 2024-08-05 00:43:13.764 [main] UserTest - ********** Getting user details ************
[INFO ] 2024-08-05 00:43:14.978 [main] UserTest - ********** User details displayed ************
[INFO ] 2024-08-05 00:43:14.981 [main] UserTest - ********** Updating user details ************
[INFO ] 2024-08-05 00:43:17.290 [main] UserTest - ********** Updated user details ************
[INFO ] 2024-08-05 00:43:17.294 [main] UserTest - ********** Deleting user details ************
[INFO ] 2024-08-05 00:43:18.466 [main] UserTest - ********** Deleted user details ************
[INFO ] 2024-08-05 00:43:18.571 [main] UserTest2 - ********** User is creating ************
[INFO ] 2024-08-05 00:43:19.677 [main] UserTest2 - ********** User is created ************
[INFO ] 2024-08-05 00:43:19.681 [main] UserTest2 - ********** Getting user details ************
[INFO ] 2024-08-05 00:43:20.805 [main] UserTest2 - ********** User details displayed ************
[INFO ] 2024-08-05 00:43:20.809 [main] UserTest2 - ********** Updating user details ************
[INFO ] 2024-08-05 00:43:23.027 [main] UserTest2 - ********** Updated user details ************
[INFO ] 2024-08-05 00:43:23.031 [main] UserTest2 - ********** Deleting user details ************
[INFO ] 2024-08-05 00:43:24.227 [main] UserTest2 - ********** Deleted user details ************
[INFO ] 2024-08-05 00:44:18.792 [main] UserTest - ********** User is creating ************
[INFO ] 2024-08-05 00:44:22.003 [main] UserTest - ********** User is created ************
[INFO ] 2024-08-05 00:44:22.010 [main] UserTest - ********** Getting user details ************
[INFO ] 2024-08-05 00:44:23.268 [main] UserTest - ********** User details displayed ************
[INFO ] 2024-08-05 00:44:23.270 [main] UserTest - ********** Updating user details ************
[INFO ] 2024-08-05 00:44:25.615 [main] UserTest - ********** Updated user details ************
[INFO ] 2024-08-05 00:44:25.619 [main] UserTest - ********** Deleting user details ************
[INFO ] 2024-08-05 00:44:26.742 [main] UserTest - ********** Deleted user details ************
[INFO ] 2024-08-05 00:44:26.856 [main] UserTest2 - ********** User is creating ************
[INFO ] 2024-08-05 00:44:27.991 [main] UserTest2 - ********** User is created ************
[INFO ] 2024-08-05 00:44:27.995 [main] UserTest2 - ********** Getting user details ************
[INFO ] 2024-08-05 00:44:29.138 [main] UserTest2 - ********** User details displayed ************
[INFO ] 2024-08-05 00:44:29.142 [main] UserTest2 - ********** Updating user details ************
[INFO ] 2024-08-05 00:44:31.442 [main] UserTest2 - ********** Updated user details ************
[INFO ] 2024-08-05 00:44:31.445 [main] UserTest2 - ********** Deleting user details ************
[INFO ] 2024-08-05 00:44:32.532 [main] UserTest2 - ********** Deleted user details ************
[INFO ] 2024-08-05 00:59:58.711 [main] UserTest - ********** User is creating ************
[INFO ] 2024-08-05 01:00:01.891 [main] UserTest - ********** User is created ************
[INFO ] 2024-08-05 01:00:01.901 [main] UserTest - ********** Getting user details ************
[INFO ] 2024-08-05 01:00:03.217 [main] UserTest - ********** User details displayed ************
[INFO ] 2024-08-05 01:00:03.219 [main] UserTest - ********** Updating user details ************
[INFO ] 2024-08-05 01:00:05.469 [main] UserTest - ********** Updated user details ************
[INFO ] 2024-08-05 01:00:05.473 [main] UserTest - ********** Deleting user details ************
[INFO ] 2024-08-05 01:00:06.658 [main] UserTest - ********** Deleted user details ************
[INFO ] 2024-08-05 01:00:06.772 [main] UserTest2 - ********** User is creating ************
[INFO ] 2024-08-05 01:00:07.969 [main] UserTest2 - ********** User is created ************
[INFO ] 2024-08-05 01:00:07.973 [main] UserTest2 - ********** Getting user details ************
[INFO ] 2024-08-05 01:00:09.112 [main] UserTest2 - ********** User details displayed ************
[INFO ] 2024-08-05 01:00:09.116 [main] UserTest2 - ********** Updating user details ************
[INFO ] 2024-08-05 01:00:11.454 [main] UserTest2 - ********** Updated user details ************
[INFO ] 2024-08-05 01:00:11.457 [main] UserTest2 - ********** Deleting user details ************
[INFO ] 2024-08-05 01:00:12.640 [main] UserTest2 - ********** Deleted user details ************
